<?xml version="1.0" encoding="UTF-8"?>
<testng-results skipped="0" failed="0" ignored="0" total="1" passed="1">
  <reporter-output>
  </reporter-output>
  <suite name="Default suite" duration-ms="2323" started-at="2018-06-15T09:54:54Z" finished-at="2018-06-15T09:54:56Z">
    <groups>
    </groups>
    <test name="Default test" duration-ms="2323" started-at="2018-06-15T09:54:54Z" finished-at="2018-06-15T09:54:56Z">
      <class name="demo.RestAPITesting">
        <test-method status="PASS" signature="verifyThatWeCanFindUnitedStatesOfAmericaUsingTheCodes()[pri:0, instance:demo.RestAPITesting@23ceabc1]" name="verifyThatWeCanFindUnitedStatesOfAmericaUsingTheCodes" duration-ms="2307" started-at="2018-06-15T15:24:54Z" finished-at="2018-06-15T15:24:56Z">
          <reporter-output>
          </reporter-output>
        </test-method> <!-- verifyThatWeCanFindUnitedStatesOfAmericaUsingTheCodes -->
      </class> <!-- demo.RestAPITesting -->
    </test> <!-- Default test -->
  </suite> <!-- Default suite -->
</testng-results>
